
[2018-03-10 14:23:25 +0800] [89846] [INFO] Worker exiting (pid: 89846)
[2018-03-10 14:23:25 +0800] [55180] [INFO] Worker exiting (pid: 55180)
[2018-03-10 14:23:25 +0800] [89851] [INFO] Worker exiting (pid: 89851)
[2018-03-10 14:23:25 +0800] [89850] [INFO] Worker exiting (pid: 89850)
[2018-03-10 14:23:25 +0800] [55176] [INFO] Worker exiting (pid: 55176)
[2018-03-10 14:23:25 +0800] [89845] [INFO] Worker exiting (pid: 89845)
[2018-03-10 14:23:25 +0800] [89842] [INFO] Handling signal: term
[2018-03-10 06:23:25 +0000] [59700] [INFO] Worker exiting (pid: 59700)
[2018-03-10 14:23:25 +0800] [55178] [INFO] Worker exiting (pid: 55178)
[2018-03-10 14:23:25 +0800] [55177] [INFO] Worker exiting (pid: 55177)
[2018-03-10 14:23:25 +0800] [2541] [INFO] Handling signal: term
[2018-03-10 14:23:25 +0800] [89849] [INFO] Worker exiting (pid: 89849)
[2018-03-10 14:23:25 +0800] [59697] [INFO] Handling signal: term
[2018-03-10 14:23:25 +0800] [55179] [INFO] Worker exiting (pid: 55179)
[2018-03-10 14:23:25 +0800] [59697] [INFO] Shutting down: Master
[2018-03-10 14:23:25 +0800] [89842] [INFO] Shutting down: Master
[2018-03-10 14:23:25 +0800] [2541] [INFO] Shutting down: Master
[2018-03-10 14:24:18 +0800] [54227] [INFO] Starting gunicorn 19.7.1
[2018-03-10 14:24:18 +0800] [54227] [INFO] Listening at: http://127.0.0.1:8001 (54227)
[2018-03-10 14:24:18 +0800] [54227] [INFO] Using worker: sync
[2018-03-10 14:24:18 +0800] [54230] [INFO] Booting worker with pid: 54230
[2018-03-10 14:24:18 +0800] [54232] [INFO] Booting worker with pid: 54232
[2018-03-10 14:24:18 +0800] [54233] [INFO] Booting worker with pid: 54233
[2018-03-10 14:24:18 +0800] [54236] [INFO] Booting worker with pid: 54236
[2018-03-10 14:24:18 +0800] [54237] [INFO] Booting worker with pid: 54237
[2018-03-10 14:24:37 +0800] [54227] [INFO] Handling signal: winch
[2018-03-10 15:47:53 +0800] [54227] [INFO] Handling signal: winch
[2018-03-10 15:48:13 +0800] [54227] [INFO] Handling signal: winch
[2018-03-10 16:03:39 +0800] [54227] [INFO] Handling signal: winch
[2018-03-10 16:03:40 +0800] [54227] [INFO] Handling signal: winch
[2018-03-11 16:56:35 +0800] [25318] [INFO] Starting gunicorn 19.7.1
[2018-03-11 16:56:35 +0800] [25318] [INFO] Listening at: http://127.0.0.1:8001 (25318)
[2018-03-11 16:56:35 +0800] [25318] [INFO] Using worker: sync
[2018-03-11 16:56:35 +0800] [25321] [INFO] Booting worker with pid: 25321
[2018-03-11 16:56:35 +0800] [25322] [INFO] Booting worker with pid: 25322
[2018-03-11 16:56:35 +0800] [25323] [INFO] Booting worker with pid: 25323
[2018-03-11 16:56:35 +0800] [25326] [INFO] Booting worker with pid: 25326
[2018-03-11 16:56:35 +0800] [25328] [INFO] Booting worker with pid: 25328
[2018-03-11 16:59:13 +0800] [25318] [INFO] Handling signal: int
[2018-03-11 16:59:13 +0800] [25323] [INFO] Worker exiting (pid: 25323)
[2018-03-11 16:59:13 +0800] [25321] [INFO] Worker exiting (pid: 25321)
[2018-03-11 16:59:13 +0800] [25326] [INFO] Worker exiting (pid: 25326)
[2018-03-11 16:59:13 +0800] [25322] [INFO] Worker exiting (pid: 25322)
[2018-03-11 16:59:13 +0800] [25328] [INFO] Worker exiting (pid: 25328)
[2018-03-11 16:59:13 +0800] [25318] [INFO] Shutting down: Master
[2018-03-11 17:00:55 +0800] [27278] [INFO] Starting gunicorn 19.7.1
[2018-03-11 17:00:55 +0800] [27278] [INFO] Listening at: http://127.0.0.1:8001 (27278)
[2018-03-11 17:00:55 +0800] [27278] [INFO] Using worker: sync
[2018-03-11 17:00:55 +0800] [27281] [INFO] Booting worker with pid: 27281
[2018-03-11 17:00:55 +0800] [27282] [INFO] Booting worker with pid: 27282
[2018-03-11 17:00:55 +0800] [27285] [INFO] Booting worker with pid: 27285
[2018-03-11 17:00:55 +0800] [27286] [INFO] Booting worker with pid: 27286
[2018-03-11 17:00:55 +0800] [27288] [INFO] Booting worker with pid: 27288
[2018-03-11 17:22:32 +0800] [27278] [INFO] Handling signal: winch
[2018-03-11 17:48:22 +0800] [27278] [INFO] Handling signal: int
[2018-03-11 17:48:22 +0800] [27286] [INFO] Worker exiting (pid: 27286)
[2018-03-11 17:48:22 +0800] [27281] [INFO] Worker exiting (pid: 27281)
[2018-03-11 17:48:22 +0800] [27282] [INFO] Worker exiting (pid: 27282)
[2018-03-11 17:48:22 +0800] [27285] [INFO] Worker exiting (pid: 27285)
[2018-03-11 17:48:22 +0800] [27288] [INFO] Worker exiting (pid: 27288)
[2018-03-11 17:48:22 +0800] [27278] [INFO] Shutting down: Master
[2018-03-11 17:54:27 +0800] [43213] [INFO] Starting gunicorn 19.7.1
[2018-03-11 17:54:27 +0800] [43213] [INFO] Listening at: http://127.0.0.1:8001 (43213)
[2018-03-11 17:54:27 +0800] [43213] [INFO] Using worker: sync
[2018-03-11 17:54:27 +0800] [43216] [INFO] Booting worker with pid: 43216
[2018-03-11 17:54:27 +0800] [43217] [INFO] Booting worker with pid: 43217
[2018-03-11 17:54:27 +0800] [43218] [INFO] Booting worker with pid: 43218
[2018-03-11 17:54:27 +0800] [43221] [INFO] Booting worker with pid: 43221
[2018-03-11 17:54:27 +0800] [43223] [INFO] Booting worker with pid: 43223
[2018-03-11 17:54:44 +0800] [43213] [INFO] Handling signal: int
[2018-03-11 17:54:44 +0800] [43221] [INFO] Worker exiting (pid: 43221)
[2018-03-11 17:54:44 +0800] [43216] [INFO] Worker exiting (pid: 43216)
[2018-03-11 17:54:44 +0800] [43217] [INFO] Worker exiting (pid: 43217)
[2018-03-11 17:54:44 +0800] [43223] [INFO] Worker exiting (pid: 43223)
[2018-03-11 17:54:44 +0800] [43218] [INFO] Worker exiting (pid: 43218)
[2018-03-11 17:54:44 +0800] [43213] [INFO] Shutting down: Master
[2018-03-11 17:56:51 +0800] [45299] [INFO] Starting gunicorn 19.7.1
[2018-03-11 17:56:51 +0800] [45299] [INFO] Listening at: http://127.0.0.1:8001 (45299)
[2018-03-11 17:56:51 +0800] [45299] [INFO] Using worker: sync
[2018-03-11 17:56:51 +0800] [45302] [INFO] Booting worker with pid: 45302
[2018-03-11 17:56:51 +0800] [45303] [INFO] Booting worker with pid: 45303
[2018-03-11 17:56:51 +0800] [45305] [INFO] Booting worker with pid: 45305
[2018-03-11 17:56:51 +0800] [45306] [INFO] Booting worker with pid: 45306
[2018-03-11 17:56:51 +0800] [45308] [INFO] Booting worker with pid: 45308
[2018-03-11 17:59:21 +0800] [45299] [INFO] Handling signal: int
[2018-03-11 17:59:21 +0800] [45306] [INFO] Worker exiting (pid: 45306)
[2018-03-11 17:59:21 +0800] [45308] [INFO] Worker exiting (pid: 45308)
[2018-03-11 17:59:21 +0800] [45302] [INFO] Worker exiting (pid: 45302)
[2018-03-11 17:59:21 +0800] [45303] [INFO] Worker exiting (pid: 45303)
[2018-03-11 17:59:21 +0800] [45305] [INFO] Worker exiting (pid: 45305)
[2018-03-11 17:59:21 +0800] [45299] [INFO] Shutting down: Master
[2018-03-11 18:06:41 +0800] [54617] [INFO] Starting gunicorn 19.7.1
[2018-03-11 18:06:41 +0800] [54617] [INFO] Listening at: http://127.0.0.1:8001 (54617)
[2018-03-11 18:06:41 +0800] [54617] [INFO] Using worker: sync
[2018-03-11 18:06:41 +0800] [54620] [INFO] Booting worker with pid: 54620
[2018-03-11 18:06:41 +0800] [54622] [INFO] Booting worker with pid: 54622
[2018-03-11 18:06:41 +0800] [54623] [INFO] Booting worker with pid: 54623
[2018-03-11 18:06:41 +0800] [54625] [INFO] Booting worker with pid: 54625
[2018-03-11 18:06:41 +0800] [54628] [INFO] Booting worker with pid: 54628
[2018-03-11 18:07:19 +0800] [54617] [INFO] Handling signal: int
[2018-03-11 18:07:19 +0800] [54622] [INFO] Worker exiting (pid: 54622)
[2018-03-11 18:07:19 +0800] [54620] [INFO] Worker exiting (pid: 54620)
[2018-03-11 18:07:19 +0800] [54625] [INFO] Worker exiting (pid: 54625)
[2018-03-11 18:07:19 +0800] [54623] [INFO] Worker exiting (pid: 54623)
[2018-03-11 18:07:19 +0800] [54628] [INFO] Worker exiting (pid: 54628)
[2018-03-11 18:07:19 +0800] [54617] [INFO] Shutting down: Master
[2018-03-11 18:08:27 +0800] [56835] [INFO] Starting gunicorn 19.7.1
[2018-03-11 18:08:27 +0800] [56835] [INFO] Listening at: http://127.0.0.1:8001 (56835)
[2018-03-11 18:08:27 +0800] [56835] [INFO] Using worker: sync
[2018-03-11 18:08:27 +0800] [56844] [INFO] Booting worker with pid: 56844
[2018-03-11 18:08:27 +0800] [56849] [INFO] Booting worker with pid: 56849
[2018-03-11 18:08:27 +0800] [56850] [INFO] Booting worker with pid: 56850
[2018-03-11 18:08:27 +0800] [56852] [INFO] Booting worker with pid: 56852
[2018-03-11 18:08:27 +0800] [56854] [INFO] Booting worker with pid: 56854
[2018-03-11 18:09:41 +0800] [56835] [INFO] Handling signal: int
[2018-03-11 18:09:41 +0800] [56844] [INFO] Worker exiting (pid: 56844)
[2018-03-11 18:09:41 +0800] [56850] [INFO] Worker exiting (pid: 56850)
[2018-03-11 18:09:41 +0800] [56854] [INFO] Worker exiting (pid: 56854)
[2018-03-11 18:09:41 +0800] [56852] [INFO] Worker exiting (pid: 56852)
[2018-03-11 18:09:41 +0800] [56849] [INFO] Worker exiting (pid: 56849)
[2018-03-11 18:09:41 +0800] [56835] [INFO] Shutting down: Master
